[debug] [2023-06-29T15:34:56.205Z] ----------------------------------------------------------------------
[debug] [2023-06-29T15:34:56.208Z] Command:       C:\Program Files\nodejs\node.exe C:\Users\Robert\AppData\Roaming\npm\node_modules\firebase-tools\lib\bin\firebase.js init
[debug] [2023-06-29T15:34:56.209Z] CLI Version:   12.4.2
[debug] [2023-06-29T15:34:56.209Z] Platform:      win32
[debug] [2023-06-29T15:34:56.209Z] Node Version:  v18.15.0
[debug] [2023-06-29T15:34:56.210Z] Time:          Thu Jun 29 2023 18:34:56 GMT+0300 (East Africa Time)
[debug] [2023-06-29T15:34:56.211Z] ----------------------------------------------------------------------
[debug] 
[debug] [2023-06-29T15:34:56.221Z] > command requires scopes: ["email","openid","https://www.googleapis.com/auth/cloudplatformprojects.readonly","https://www.googleapis.com/auth/firebase","https://www.googleapis.com/auth/cloud-platform"]
[debug] [2023-06-29T15:34:56.222Z] > authorizing via signed-in user (robertotieno.or@gmail.com)
[info] 
     ######## #### ########  ######## ########     ###     ######  ########
     ##        ##  ##     ## ##       ##     ##  ##   ##  ##       ##
     ######    ##  ########  ######   ########  #########  ######  ######
     ##        ##  ##    ##  ##       ##     ## ##     ##       ## ##
     ##       #### ##     ## ######## ########  ##     ##  ######  ########

You're about to initialize a Firebase project in this directory:

  C:\Users\Robert\Documents\Personal\Joy_Mwamsidu\i-malaria-kenya

[info] 
=== Project Setup
[info] 
[info] First, let's associate this project directory with a Firebase project.
[info] You can create multiple project aliases by running firebase use --add, 
[info] but for now we'll just set up a default project.
[info] 
[debug] [2023-06-29T15:35:08.385Z] >>> [apiv2][query] GET https://firebase.googleapis.com/v1beta1/projects pageSize=100
[debug] [2023-06-29T15:35:09.911Z] <<< [apiv2][status] GET https://firebase.googleapis.com/v1beta1/projects 200
[debug] [2023-06-29T15:35:09.912Z] <<< [apiv2][body] GET https://firebase.googleapis.com/v1beta1/projects [omitted]
[info] i  Using project i-malaria-kenya (i-malaria-kenya) 
[info] 
=== Hosting Setup
[info] 
[info] Your public directory is the folder (relative to your project directory) that
[info] will contain Hosting assets to be uploaded with firebase deploy. If you
[info] have a build process for your assets, use your build's output directory.
[info] 
[info] +  Wrote public/404.html 
[debug] [2023-06-29T15:36:52.062Z] >>> [apiv2][query] GET https://www.gstatic.com/firebasejs/releases.json [none]
[debug] [2023-06-29T15:36:53.142Z] <<< [apiv2][status] GET https://www.gstatic.com/firebasejs/releases.json 200
[debug] [2023-06-29T15:36:53.142Z] <<< [apiv2][body] GET https://www.gstatic.com/firebasejs/releases.json {"current":{"version":"9.23.0","browserURL":"https://www.gstatic.com/firebasejs/9.23.0/firebase.js","packageURL":"https://www.gstatic.com/firebasejs/9.23.0/firebase.tgz"},"live":{"version":"9.23","browserURL":"https://www.gstatic.com/firebasejs/live/9.23/firebase.js","packageURL":"https://www.gstatic.com/firebasejs/live/9.23/firebase.tgz"},"components":{"analytics":"https://www.gstatic.com/firebasejs/9.23.0/firebase-analytics.js","app":"https://www.gstatic.com/firebasejs/9.23.0/firebase-app.js","app-check":"https://www.gstatic.com/firebasejs/9.23.0/firebase-app-check.js","auth":"https://www.gstatic.com/firebasejs/9.23.0/firebase-auth.js","auth/cordova":"https://www.gstatic.com/firebasejs/9.23.0/firebase-auth/cordova.js","auth/react-native":"https://www.gstatic.com/firebasejs/9.23.0/firebase-auth/react-native.js","functions":"https://www.gstatic.com/firebasejs/9.23.0/firebase-functions.js","firestore":"https://www.gstatic.com/firebasejs/9.23.0/firebase-firestore.js","firestore/lite":"https://www.gstatic.com/firebasejs/9.23.0/firebase-firestore/lite.js","installations":"https://www.gstatic.com/firebasejs/9.23.0/firebase-installations.js","storage":"https://www.gstatic.com/firebasejs/9.23.0/firebase-storage.js","performance":"https://www.gstatic.com/firebasejs/9.23.0/firebase-performance.js","remote-config":"https://www.gstatic.com/firebasejs/9.23.0/firebase-remote-config.js","messaging":"https://www.gstatic.com/firebasejs/9.23.0/firebase-messaging.js","messaging/sw":"https://www.gstatic.com/firebasejs/9.23.0/firebase-messaging/sw.js","database":"https://www.gstatic.com/firebasejs/9.23.0/firebase-database.js","firestore.memory":"https://www.gstatic.com/firebasejs/9.23.0/firebase-firestore.memory.js"}}
[info] +  Wrote public/index.html 
[info] 
[info] i  Detected a .git folder at C:\Users\Robert\Documents\Personal\Joy_Mwamsidu\i-malaria-kenya 
[info] i  Authorizing with GitHub to upload your service account to a GitHub repository's secrets store. 
[info] 
[info] Visit this URL on this device to log in:
[info] https://github.com/login/oauth/authorize?client_id=89cf50f02ac6aaed3484&state=428717305&redirect_uri=http%3A%2F%2Flocalhost%3A9005&scope=read%3Auser%20repo%20public_repo
[info] 
[info] Waiting for authentication...
[debug] [2023-06-29T15:37:13.236Z] >>> [apiv2][query] POST https://github.com/login/oauth/access_token [none]
[debug] [2023-06-29T15:37:13.237Z] >>> [apiv2][body] POST https://github.com/login/oauth/access_token [stream]
[debug] [2023-06-29T15:37:15.056Z] <<< [apiv2][status] POST https://github.com/login/oauth/access_token 200
[debug] [2023-06-29T15:37:15.056Z] <<< [apiv2][body] POST https://github.com/login/oauth/access_token {"access_token":"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","token_type":"bearer","scope":"read:user,repo"}
[debug] [2023-06-29T15:37:15.076Z] >>> [apiv2][query] GET https://api.github.com/user [none]
[debug] [2023-06-29T15:37:16.601Z] <<< [apiv2][status] GET https://api.github.com/user 200
[debug] [2023-06-29T15:37:16.601Z] <<< [apiv2][body] GET https://api.github.com/user {"login":"robert-otieno","id":25642126,"node_id":"MDQ6VXNlcjI1NjQyMTI2","avatar_url":"https://avatars.githubusercontent.com/u/25642126?v=4","gravatar_id":"","url":"https://api.github.com/users/robert-otieno","html_url":"https://github.com/robert-otieno","followers_url":"https://api.github.com/users/robert-otieno/followers","following_url":"https://api.github.com/users/robert-otieno/following{/other_user}","gists_url":"https://api.github.com/users/robert-otieno/gists{/gist_id}","starred_url":"https://api.github.com/users/robert-otieno/starred{/owner}{/repo}","subscriptions_url":"https://api.github.com/users/robert-otieno/subscriptions","organizations_url":"https://api.github.com/users/robert-otieno/orgs","repos_url":"https://api.github.com/users/robert-otieno/repos","events_url":"https://api.github.com/users/robert-otieno/events{/privacy}","received_events_url":"https://api.github.com/users/robert-otieno/received_events","type":"User","site_admin":false,"name":"Robert","company":null,"blog":"","location":"Kenya","email":null,"hireable":null,"bio":"Let's Cod#","twitter_username":null,"public_repos":55,"public_gists":0,"followers":8,"following":19,"created_at":"2017-02-08T16:00:05Z","updated_at":"2023-04-07T07:15:18Z","private_gists":0,"total_private_repos":10,"owned_private_repos":10,"disk_usage":129877,"collaborators":1,"two_factor_authentication":false,"plan":{"name":"free","space":976562499,"collaborators":0,"private_repos":10000}}
[info] 
[info] +  Success! Logged into GitHub as robert-otieno 
[info] 
